This is LuaHBTeX, Version 1.13.2 (TeX Live 2021)  (format=lualatex 2021.5.14)  7 JUL 2021 16:08
 restricted system commands enabled.
 file:line:error style messages enabled.
**/mnt/c/Users/Ballasch/Documents/_uni/bachelorarbeit/BScThesis/thesis.tex
(/mnt/c/Users/Ballasch/Documents/_uni/bachelorarbeit/BScThesis/thesis.tex
LaTeX2e <2020-10-01> patch level 4
Lua module: luaotfload 2021-01-08 3.17 Lua based OpenType font support
Lua module: lualibs 2020-12-30 2.73 ConTeXt Lua standard libraries.
Lua module: lualibs-extended 2020-12-30 2.73 ConTeXt Lua libraries -- extended collection.
luaotfload | conf : Root cache directory is "/home/cihad/.local/texlive/2021/texmf-var/luatex-cache/generic/names".
luaotfload | init : Loading fontloader "fontloader-2021-01-07.lua" from kpse-resolved path "/home/cihad/.local/texlive/2021/texmf-dist/tex/luatex/luaotfload/fontloader-2021-01-07.lua".
Lua-only attribute luaotfload@noligature = 1
Lua-only attribute luaotfload@syllabe = 2
luaotfload | init : Context OpenType loader version 0x1.8e76c8b439581p+1
Inserting `luaotfload.node_processor' at position 1 in `pre_linebreak_filter'.
Inserting `luaotfload.node_processor' at position 1 in `hpack_filter'.
Inserting `luaotfload.glyph_stream' at position 1 in `glyph_stream_provider'.
Inserting `luaotfload.define_font' at position 1 in `define_font'.
Lua-only attribute luaotfload_color_attribute = 3
luaotfload | conf : Root cache directory is "/home/cihad/.local/texlive/2021/texmf-var/luatex-cache/generic/names".
Inserting `luaotfload.harf.strip_prefix' at position 1 in `find_opentype_file'.
Inserting `luaotfload.harf.strip_prefix' at position 1 in `find_truetype_file'.
Inserting `luaotfload.harf.finalize_vlist' at position 1 in `post_linebreak_filter'.
Inserting `luaotfload.harf.finalize_hlist' at position 2 in `hpack_filter'.
Inserting `luaotfload.cleanup_files' at position 1 in `wrapup_run'.
Inserting `luaotfload.harf.finalize_unicode' at position 1 in `finish_pdffile'.
Inserting `luaotfload.glyphinfo' at position 1 in `glyph_info'.
Inserting `luaotfload.aux.set_sscale_dimens' at position 1 in `luaotfload.patch_font'.
Inserting `luaotfload.aux.set_font_index' at position 2 in `luaotfload.patch_font'.
Inserting `luaotfload.aux.patch_cambria_domh' at position 3 in `luaotfload.patch_font'.
Inserting `luaotfload.aux.fixup_fontdata' at position 1 in `luaotfload.patch_font_unsafe'.
Inserting `luaotfload.aux.set_capheight' at position 4 in `luaotfload.patch_font'.
Inserting `luaotfload.aux.set_xheight' at position 5 in `luaotfload.patch_font'.
Inserting `luaotfload.rewrite_fontname' at position 6 in `luaotfload.patch_font'. L3 programming layer <2021-05-07> (./tudothesis.cls
Document Class: tudothesis 2015/08/31 v0.9 wrapper to scrbook for thesis at TUDo
(/home/cihad/.local/texlive/2021/texmf-dist/tex/latex/koma-script/scrbook.cls
Document Class: scrbook 2021/03/17 v3.33 KOMA-Script document class (book)
(/home/cihad/.local/texlive/2021/texmf-dist/tex/latex/koma-script/scrkbase.sty
Package: scrkbase 2021/03/17 v3.33 KOMA-Script package (KOMA-Script-dependent basics and keyval usage)
 (/home/cihad/.local/texlive/2021/texmf-dist/tex/latex/koma-script/scrbase.sty
Package: scrbase 2021/03/17 v3.33 KOMA-Script package (KOMA-Script-independent basics and keyval usage)
 (/home/cihad/.local/texlive/2021/texmf-dist/tex/latex/koma-script/scrlfile.sty
Package: scrlfile 2021/03/17 v3.33 KOMA-Script package (file load hooks)
 (/home/cihad/.local/texlive/2021/texmf-dist/tex/latex/koma-script/scrlfile-hook.sty
Package: scrlfile-hook 2021/03/17 v3.33 KOMA-Script package (using LaTeX hooks)

LaTeX3 Info: Defining command \BeforeFile with sig. 'm' on line 61.


LaTeX3 Info: Defining command \AfterFile with sig. 'm' on line 65.


LaTeX3 Info: Defining command \BeforeClass with sig. 'm' on line 69.


LaTeX3 Info: Defining command \BeforePackage with sig. 'm' on line 73.


LaTeX3 Info: Defining command \AfterAtEndOfClass with sig. 'smo+m' on line 83.


LaTeX3 Info: Defining command \AfterAtEndOfPackage with sig. 'smo+m' on line
(LaTeX3)     93.


LaTeX3 Info: Defining command \scrlfile@AfterClass with sig. 'smo+m' on line
(LaTeX3)     173.


LaTeX3 Info: Defining command \AfterClass with sig. '' on line 174.


LaTeX3 Info: Defining command \scrlfile@AfterPackage with sig. 'smo+m' on line
(LaTeX3)     191.


LaTeX3 Info: Defining command \AfterPackage with sig. '' on line 192.


LaTeX3 Info: Defining command \ReplaceInput with sig. '' on line 193.


LaTeX3 Info: Defining command \ReplaceClass with sig. 'mm' on line 196.


LaTeX3 Info: Defining command \ReplacePackage with sig. 'mm' on line 199.


LaTeX3 Info: Defining command \UnReplaceInput with sig. '' on line 200.


LaTeX3 Info: Defining command \UnReplaceClass with sig. 'm' on line 203.


LaTeX3 Info: Defining command \UnReplacePackage with sig. 'mm' on line 206.


LaTeX3 Info: Defining command \PreventPackageFromLoading with sig. 's+om' on
(LaTeX3)     line 234.


LaTeX3 Info: Defining command \StorePreventPackageFromLoading with sig. 'm' on
(LaTeX3)     line 242.


LaTeX3 Info: Defining command \ResetPreventPackageFromLoading with sig. '' on
(LaTeX3)     line 247.


LaTeX3 Info: Defining command \UnPreventPackageFromLoading with sig. 'sm' on
(LaTeX3)     line 261.


LaTeX3 Info: Defining command \BeforeClosingMainAux with sig. 'om' on line
(LaTeX3)     274.


LaTeX3 Info: Defining command \AfterReadingMainAux with sig. 'om' on line 287.


LaTeX3 Info: Defining command \protected@immediate@write with sig. 'm+m+m' on
(LaTeX3)     line 298.

 (/home/cihad/.local/texlive/2021/texmf-dist/tex/latex/koma-script/scrlogo.sty
Package: scrlogo 2021/03/17 v3.33 KOMA-Script package (logo)
))) (/home/cihad/.local/texlive/2021/texmf-dist/tex/latex/graphics/keyval.sty
Package: keyval 2014/10/28 v1.15 key=value parser (DPC)
\KV@toks@=\toks15
)
Skipping: [2021/05/01] Usage of raw option list on input line 252.
Applying: [0000/00/00] compatibility for LaTeX before 2021/05/01 on input line 337.
)) (/home/cihad/.local/texlive/2021/texmf-dist/tex/latex/koma-script/tocbasic.sty
Package: tocbasic 2021/03/17 v3.33 KOMA-Script package (handling toc-files)
\scr@dte@tocline@numberwidth=\skip47
\scr@dte@tocline@numbox=\box47
)
Package tocbasic Info: babel extension for `toc' omitted
(tocbasic)             because of missing \bbl@set@language on input line 137.
Class scrbook Info: File `scrsize11pt.clo' used instead of
(scrbook)           file `scrsize11.clo' to setup font sizes on input line 2454.
 (/home/cihad/.local/texlive/2021/texmf-dist/tex/latex/koma-script/scrsize11pt.clo
File: scrsize11pt.clo 2021/03/17 v3.33 KOMA-Script font size class option (11pt)
luaotfload | db : Font names database loaded from /home/cihad/.local/texlive/2021/texmf-var/luatex-cache/generic/names/luaotfload-names.luc) (/home/cihad/.local/texlive/2021/texmf-dist/tex/latex/koma-script/typearea.sty
Package: typearea 2021/03/17 v3.33 KOMA-Script package (type area)
\ta@bcor=\skip48
\ta@div=\count175
\ta@hblk=\skip49
\ta@vblk=\skip50
\ta@temp=\skip51
\footheight=\skip52
Package typearea Info: These are the values describing the layout:
(typearea)             DIV  = 10
(typearea)             BCOR = 34.1433pt
(typearea)             \paperwidth      = 597.50793pt
(typearea)              \textwidth      = 394.35527pt
(typearea)              DIV departure   = 0%
(typearea)              \evensidemargin = 40.40292pt
(typearea)              \oddsidemargin  = 18.20976pt
(typearea)             \paperheight     = 845.04694pt
(typearea)              \textheight     = 555.00024pt
(typearea)              \topmargin      = 12.2347pt
(typearea)              \headheight     = 17.0pt
(typearea)              \headsep        = 20.40001pt
(typearea)              \topskip        = 11.0pt
(typearea)              \footskip       = 47.6pt
(typearea)              \baselineskip   = 13.6pt
(typearea)              on input line 1741.
)
\c@part=\count176
\c@chapter=\count177
\c@section=\count178
\c@subsection=\count179
\c@subsubsection=\count180
\c@paragraph=\count181
\c@subparagraph=\count182
\scr@dte@chapter@maxnumwidth=\skip53
Class scrbook Info: using compatibility default `afterindent=bysign'
(scrbook)           for `\chapter on input line 5676.
\scr@dte@section@maxnumwidth=\skip54
Class scrbook Info: using compatibility default `runin=bysign'
(scrbook)           for `\section on input line 5687.
Class scrbook Info: using compatibility default `afterindent=bysign'
(scrbook)           for `\section on input line 5687.
\scr@dte@part@maxnumwidth=\skip55
Class scrbook Info: using compatibility default `afterindent=true'
(scrbook)           for `\part on input line 5696.
\scr@dte@subsection@maxnumwidth=\skip56
Class scrbook Info: using compatibility default `runin=bysign'
(scrbook)           for `\subsection on input line 5706.
Class scrbook Info: using compatibility default `afterindent=bysign'
(scrbook)           for `\subsection on input line 5706.
\scr@dte@subsubsection@maxnumwidth=\skip57
Class scrbook Info: using compatibility default `runin=bysign'
(scrbook)           for `\subsubsection on input line 5716.
Class scrbook Info: using compatibility default `afterindent=bysign'
(scrbook)           for `\subsubsection on input line 5716.
\scr@dte@paragraph@maxnumwidth=\skip58
Class scrbook Info: using compatibility default `runin=bysign'
(scrbook)           for `\paragraph on input line 5727.
Class scrbook Info: using compatibility default `afterindent=bysign'
(scrbook)           for `\paragraph on input line 5727.
\scr@dte@subparagraph@maxnumwidth=\skip59
Class scrbook Info: using compatibility default `runin=bysign'
(scrbook)           for `\subparagraph on input line 5737.
Class scrbook Info: using compatibility default `afterindent=bysign'
(scrbook)           for `\subparagraph on input line 5737.
\abovecaptionskip=\skip60
\belowcaptionskip=\skip61
\c@pti@nb@sid@b@x=\box48
Package tocbasic Info: babel extension for `lof' omitted
(tocbasic)             because of missing \bbl@set@language on input line 6980.
\scr@dte@figure@maxnumwidth=\skip62
\c@figure=\count183
Package tocbasic Info: babel extension for `lot' omitted
(tocbasic)             because of missing \bbl@set@language on input line 7001.
\scr@dte@table@maxnumwidth=\skip63
\c@table=\count184
Class scrbook Info: Redefining `\numberline' on input line 7174.
\bibindent=\dimen138
) (/home/cihad/.local/texlive/2021/texmf-dist/tex/latex/xcolor/xcolor.sty
Package: xcolor 2016/05/11 v2.12 LaTeX color extensions (UK)
 (/home/cihad/.local/texlive/2021/texmf-dist/tex/latex/graphics-cfg/color.cfg
File: color.cfg 2016/01/02 v1.6 sample color configuration
)
Package xcolor Info: Driver file: luatex.def on input line 225.
 (/home/cihad/.local/texlive/2021/texmf-dist/tex/latex/graphics-def/luatex.def
File: luatex.def 2020/10/05 v1.2a Graphics/color driver for luatex
)
Package xcolor Info: Model `cmy' substituted by `cmy0' on input line 1348.
Package xcolor Info: Model `hsb' substituted by `rgb' on input line 1352.
Package xcolor Info: Model `RGB' extended on input line 1364.
Package xcolor Info: Model `HTML' substituted by `rgb' on input line 1366.
Package xcolor Info: Model `Hsb' substituted by `hsb' on input line 1367.
Package xcolor Info: Model `tHsb' substituted by `hsb' on input line 1368.
Package xcolor Info: Model `HSB' substituted by `hsb' on input line 1369.
Package xcolor Info: Model `Gray' substituted by `gray' on input line 1370.
Package xcolor Info: Model `wave' substituted by `hsb' on input line 1371.
) (/home/cihad/.local/texlive/2021/texmf-dist/tex/latex/caption/caption.sty
Package: caption 2020/10/26 v3.5g Customizing captions (AR)
 (/home/cihad/.local/texlive/2021/texmf-dist/tex/latex/caption/caption3.sty
Package: caption3 2020/10/21 v2.2e caption3 kernel (AR)
\captionmargin=\dimen139
\captionmargin@=\dimen140
\captionwidth=\dimen141
\caption@tempdima=\dimen142
\caption@indent=\dimen143
\caption@parindent=\dimen144
\caption@hangindent=\dimen145
Package caption Info: KOMA-Script document class detected.
 (/home/cihad/.local/texlive/2021/texmf-dist/tex/latex/caption/caption-koma.sto
File: caption-koma.sto 2020/09/21 v2.0b Adaption of the caption package to the KOMA-Script document classes (AR)
))
\c@caption@flags=\count185
\c@continuedfloat=\count186
) (/home/cihad/.local/texlive/2021/texmf-dist/tex/latex/caption/subcaption.sty
Package: subcaption 2020/10/07 v1.3j Sub-captions (AR)
\c@subfigure=\count187
\c@subtable=\count188
) (/home/cihad/.local/texlive/2021/texmf-dist/tex/latex/koma-script/scrlayer-scrpage.sty
Package: scrlayer-scrpage 2021/03/17 v3.33 KOMA-Script package (end user interface for scrlayer)
 (/home/cihad/.local/texlive/2021/texmf-dist/tex/latex/koma-script/scrlayer.sty
Package: scrlayer 2021/03/17 v3.33 KOMA-Script package (defining layers and page styles)
Package scrlayer Info: Using already defined \footheight
(scrlayer)             hoping, that this is a length and
(scrlayer)             not only a macro on input line 136.
Package scrlayer Info: patching LaTeX kernel macro \pagestyle on input line 2162.
)
Package scrlayer-scrpage Info: Makeing stand-alone element `pagehead' from
(scrlayer-scrpage)             alias to `pageheadfoot' on input line 1085.
Package scrlayer-scrpage Info: deactivating warning for font element
(scrlayer-scrpage)             `pagefoot' on input line 1109.
)
Package scrlayer-scrpage Info: auto-selection of `pagestyleset=KOMA-Script'.
 (/home/cihad/.local/texlive/2021/texmf-dist/tex/latex/amsmath/amsmath.sty
Package: amsmath 2020/09/23 v2.17i AMS math features
\@mathmargin=\skip64

For additional information on amsmath, use the `?' option.
(/home/cihad/.local/texlive/2021/texmf-dist/tex/latex/amsmath/amstext.sty
Package: amstext 2000/06/29 v2.01 AMS text
 (/home/cihad/.local/texlive/2021/texmf-dist/tex/latex/amsmath/amsgen.sty
File: amsgen.sty 1999/11/30 v2.0 generic functions
\@emptytoks=\toks16
\ex@=\dimen146
)) (/home/cihad/.local/texlive/2021/texmf-dist/tex/latex/amsmath/amsbsy.sty
Package: amsbsy 1999/11/29 v1.2d Bold Symbols
\pmbraise@=\dimen147
) (/home/cihad/.local/texlive/2021/texmf-dist/tex/latex/amsmath/amsopn.sty
Package: amsopn 2016/03/08 v2.02 operator names
)
\inf@bad=\count189
LaTeX Info: Redefining \frac on input line 236.
\uproot@=\count190
\leftroot@=\count191
LaTeX Info: Redefining \overline on input line 399.
\classnum@=\count192
\DOTSCASE@=\count193
LaTeX Info: Redefining \ldots on input line 496.
LaTeX Info: Redefining \dots on input line 499.
LaTeX Info: Redefining \cdots on input line 620.
\Mathstrutbox@=\box49
\strutbox@=\box50
\big@size=\dimen148
LaTeX Font Info:    Redeclaring font encoding OML on input line 743.
LaTeX Font Info:    Redeclaring font encoding OMS on input line 744.
\macc@depth=\count194
\c@MaxMatrixCols=\count195
\dotsspace@=\muskip16
\c@parentequation=\count196
\dspbrk@lvl=\count197
\tag@help=\toks17
\row@=\count198
\column@=\count199
\maxfields@=\count266
\andhelp@=\toks18
\eqnshift@=\dimen149
\alignsep@=\dimen150
\tagshift@=\dimen151
\tagwidth@=\dimen152
\totwidth@=\dimen153
\lineht@=\dimen154
\@envbody=\toks19
\multlinegap=\skip65
\multlinetaggap=\skip66
\mathdisplay@stack=\toks20
LaTeX Info: Redefining \[ on input line 2923.
LaTeX Info: Redefining \] on input line 2924.
)) (/home/cihad/.local/texlive/2021/texmf-dist/tex/latex/rerunfilecheck/rerunfilecheck.sty
Package: rerunfilecheck 2019/12/05 v1.9 Rerun checks for auxiliary files (HO)
 (/home/cihad/.local/texlive/2021/texmf-dist/tex/latex/kvoptions/kvoptions.sty
Package: kvoptions 2020-10-07 v3.14 Key value format for package options (HO)
 (/home/cihad/.local/texlive/2021/texmf-dist/tex/generic/ltxcmds/ltxcmds.sty
Package: ltxcmds 2020-05-10 v1.25 LaTeX kernel commands for general use (HO)
) (/home/cihad/.local/texlive/2021/texmf-dist/tex/generic/kvsetkeys/kvsetkeys.sty
Package: kvsetkeys 2019/12/15 v1.18 Key value parser (HO)
)) (/home/cihad/.local/texlive/2021/texmf-dist/tex/generic/infwarerr/infwarerr.sty
Package: infwarerr 2019/12/03 v1.5 Providing info/warning/error messages (HO)
) (/home/cihad/.local/texlive/2021/texmf-dist/tex/generic/pdftexcmds/pdftexcmds.sty
Package: pdftexcmds 2020-06-27 v0.33 Utility functions of pdfTeX for LuaTeX (HO)
 (/home/cihad/.local/texlive/2021/texmf-dist/tex/generic/iftex/iftex.sty
Package: iftex 2020/03/06 v1.0d TeX engine tests
)
Package pdftexcmds Info: \pdf@primitive is available.
Package pdftexcmds Info: \pdf@ifprimitive is available.
Package pdftexcmds Info: \pdfdraftmode found.
\pdftexcmds@toks=\toks21
) (/home/cihad/.local/texlive/2021/texmf-dist/tex/latex/base/atveryend-ltx.sty
Package: atveryend-ltx 2020/08/19 v1.0a Emulation of the original atvery package
with kernel methods
) (/home/cihad/.local/texlive/2021/texmf-dist/tex/generic/uniquecounter/uniquecounter.sty
Package: uniquecounter 2019/12/15 v1.4 Provide unlimited unique counter (HO)
 (/home/cihad/.local/texlive/2021/texmf-dist/tex/generic/bigintcalc/bigintcalc.sty
Package: bigintcalc 2019/12/15 v1.5 Expandable calculations on big integers (HO)
))
Package uniquecounter Info: New unique counter `rerunfilecheck' on input line 286.
) (/home/cihad/.local/texlive/2021/texmf-dist/tex/latex/fontspec/fontspec.sty (/home/cihad/.local/texlive/2021/texmf-dist/tex/latex/l3packages/xparse/xparse.sty (/home/cihad/.local/texlive/2021/texmf-dist/tex/latex/l3kernel/expl3.sty
Package: expl3 2021-05-07 L3 programming layer (loader) 
 (/home/cihad/.local/texlive/2021/texmf-dist/tex/latex/l3backend/l3backend-luatex.def
File: l3backend-luatex.def 2021-05-07 L3 backend support: PDF output (LuaTeX)
\l__color_backend_stack_int=\count267
\l__pdf_internal_box=\box51
)) (/home/cihad/.local/texlive/2021/texmf-dist/tex/latex/l3packages/xparse/xparse-2020-10-01.sty (/home/cihad/.local/texlive/2021/texmf-dist/tex/latex/l3packages/xparse/xparse-generic.tex)))
Package: fontspec 2020/02/21 v2.7i Font selection for XeLaTeX and LuaLaTeX
Lua module: fontspec 2020/02/21 2.7i Font selection for XeLaTeX and LuaLaTeX (/home/cihad/.local/texlive/2021/texmf-dist/tex/latex/fontspec/fontspec-luatex.sty
Package: fontspec-luatex 2020/02/21 v2.7i Font selection for XeLaTeX and LuaLaTeX
\l__fontspec_script_int=\count268
\l__fontspec_language_int=\count269
\l__fontspec_strnum_int=\count270
\l__fontspec_tmp_int=\count271
\l__fontspec_tmpa_int=\count272
\l__fontspec_tmpb_int=\count273
\l__fontspec_tmpc_int=\count274
\l__fontspec_em_int=\count275
\l__fontspec_emdef_int=\count276
\l__fontspec_strong_int=\count277
\l__fontspec_strongdef_int=\count278
\l__fontspec_tmpa_dim=\dimen155
\l__fontspec_tmpb_dim=\dimen156
\l__fontspec_tmpc_dim=\dimen157
 (/home/cihad/.local/texlive/2021/texmf-dist/tex/latex/base/fontenc.sty
Package: fontenc 2020/08/10 v2.0s Standard LaTeX package
) (/home/cihad/.local/texlive/2021/texmf-dist/tex/latex/fontspec/fontspec.cfg))) (/home/cihad/.local/texlive/2021/texmf-dist/tex/latex/polyglossia/polyglossia.sty
Package: polyglossia 2021/04/12 v1.53 Modern multilingual typesetting with XeLaTeX and LuaLaTeX
 (/home/cihad/.local/texlive/2021/texmf-dist/tex/latex/etoolbox/etoolbox.sty
Package: etoolbox 2020/10/05 v2.5k e-TeX tools for LaTeX (JAW)
\etb@tempcnta=\count279
) (/home/cihad/.local/texlive/2021/texmf-dist/tex/latex/makecmds/makecmds.sty
Package: makecmds 2009/09/03 v1.0a extra command making commands
) (/home/cihad/.local/texlive/2021/texmf-dist/tex/latex/xkeyval/xkeyval.sty
Package: xkeyval 2020/11/20 v2.8 package option processing (HA)
 (/home/cihad/.local/texlive/2021/texmf-dist/tex/generic/xkeyval/xkeyval.tex (/home/cihad/.local/texlive/2021/texmf-dist/tex/generic/xkeyval/xkvutils.tex
\XKV@toks=\toks22
\XKV@tempa@toks=\toks23
)
\XKV@depth=\count280
File: xkeyval.tex 2014/12/03 v2.7a key=value parser (HA)
)) (/home/cihad/.local/texlive/2021/texmf-dist/tex/latex/l3packages/l3keys2e/l3keys2e.sty
Package: l3keys2e 2021-05-07 LaTeX2e option processing using LaTeX3 keys
) (/home/cihad/.local/texlive/2021/texmf-dist/tex/luatex/luatexbase/luatexbase.sty
Package: luatexbase 2015/10/04 v1.3 luatexbase interface to LuaTeX 
 (/home/cihad/.local/texlive/2021/texmf-dist/tex/luatex/ctablestack/ctablestack.sty
Package: ctablestack 2015/10/01 v1.0 Catcode table stable support
\@catcodetablestackcnt=\count281
)
\CatcodeTableOther=\catcodetable12
\CatcodeTableExpl=\catcodetable13
)
Lua module: polyglossia 2013/05/11 1.3 Polyglossia (/home/cihad/.local/texlive/2021/texmf-dist/tex/latex/polyglossia/gloss-latex.ldf
File: gloss-latex.ldf polyglossia: module for default language
The property list \polyglossia@langsetup contains the pairs (without outer
braces):
>  {latex/script}  =>  {latin}
>  {latex/lcscript}  =>  {latin}
>  {latex/scripttag}  =>  {}
>  {latex/language}  =>  {Latex}
>  {latex/langtag}  =>  {ENG}
>  {latex/bcp47}  =>  {}
>  {latex/hyphennames}  =>  {english}
>  {latex/direction}  =>  {LR}
>  {latex/hyphenmins}  =>  {2,3}
>  {latex/frenchspacing}  =>  {false}
>  {latex/indentfirst}  =>  {false}
>  {latex/fontsetup}  =>  {true}
>  {latex/envname}  =>  {latex}
>  {latex/babelname}  =>  {latex}
>  {latex/localnumeral}  =>  {polyglossia@C@localnumeral}
>  {latex/Localnumeral}  =>  {polyglossia@C@localnumeral}.
)
Package polyglossia Info: Default language is latex.
Package polyglossia Info: Setting LuaTeX font renderer to Harfbuzz.
) (/home/cihad/.local/texlive/2021/texmf-dist/tex/latex/polyglossia/gloss-english.ldf
File: gloss-english.ldf polyglossia: module for english
The property list \polyglossia@langsetup contains the pairs (without outer
braces):
>  {latex/script}  =>  {latin}
>  {latex/lcscript}  =>  {latin}
>  {latex/scripttag}  =>  {}
>  {latex/language}  =>  {Latex}
>  {latex/langtag}  =>  {ENG}
>  {latex/bcp47}  =>  {}
>  {latex/hyphennames}  =>  {english}
>  {latex/direction}  =>  {LR}
>  {latex/hyphenmins}  =>  {2,3}
>  {latex/frenchspacing}  =>  {false}
>  {latex/indentfirst}  =>  {false}
>  {latex/fontsetup}  =>  {true}
>  {latex/envname}  =>  {latex}
>  {latex/babelname}  =>  {latex}
>  {latex/localnumeral}  =>  {polyglossia@C@localnumeral}
>  {latex/Localnumeral}  =>  {polyglossia@C@localnumeral}
>  {english/script}  =>  {latin}
>  {english/lcscript}  =>  {latin}
>  {english/scripttag}  =>  {}
>  {english/language}  =>  {English}
>  {english/langtag}  =>  {ENG}
>  {english/bcp47}  =>  {en-US}
>  {english/hyphennames}  =>  {english,american,usenglish,USenglish}
>  {english/direction}  =>  {LR}
>  {english/hyphenmins}  =>  {2,3}
>  {english/frenchspacing}  =>  {false}
>  {english/indentfirst}  =>  {false}
>  {english/fontsetup}  =>  {true}
>  {english/envname}  =>  {english}
>  {english/babelname}  =>  {english}
>  {english/localnumeral}  =>  {polyglossia@C@localnumeral}
>  {english/Localnumeral}  =>  {polyglossia@C@localnumeral}.
Package polyglossia Info: Option: English, variant=american.
)
Package polyglossia Info: Default language is english.
 (/home/cihad/.local/texlive/2021/texmf-dist/tex/latex/csquotes/csquotes.sty
Package: csquotes 2021-02-22 v5.2l context-sensitive quotations (JAW)
\csq@reset=\count282
\csq@gtype=\count283
\csq@glevel=\count284
\csq@qlevel=\count285
\csq@maxlvl=\count286
\csq@tshold=\count287
\csq@ltx@everypar=\toks24
 (/home/cihad/.local/texlive/2021/texmf-dist/tex/latex/csquotes/csquotes.def
File: csquotes.def 2021-02-22 v5.2l csquotes generic definitions (JAW)
)
Package csquotes Info: Trying to load configuration file 'csquotes.cfg'...
Package csquotes Info: ... configuration file loaded successfully.
 (/home/cihad/.local/texlive/2021/texmf-dist/tex/latex/csquotes/csquotes.cfg
File: csquotes.cfg 
)
Package csquotes Info: Enabling multilingual quotes.
) (/home/cihad/.local/texlive/2021/texmf-dist/tex/latex/microtype/microtype.sty
Package: microtype 2021/03/14 v2.8c Micro-typographical refinements (RS)
\MT@toks=\toks25
\MT@count=\count288
LaTeX Info: Redefining \textls on input line 790.
\MT@outer@kern=\dimen158
LaTeX Info: Redefining \textmicrotypecontext on input line 1374.
\MT@listname@count=\count289
 (/home/cihad/.local/texlive/2021/texmf-dist/tex/latex/microtype/microtype-luatex.def
File: microtype-luatex.def 2021/03/14 v2.8c Definitions specific to luatex (RS)
Module microtype Info: overwriting function `keepligature' on input line 62
LaTeX Info: Redefining \lsstyle on input line 710.
LaTeX Info: Redefining \lslig on input line 710.
\MT@outer@space=\skip67
)
Package microtype Info: Loading configuration file microtype.cfg.
 (/home/cihad/.local/texlive/2021/texmf-dist/tex/latex/microtype/microtype.cfg
File: microtype.cfg 2021/03/14 v2.8c microtype main configuration file (RS)
)) (/home/cihad/.local/texlive/2021/texmf-dist/tex/latex/amsfonts/amssymb.sty
Package: amssymb 2013/01/14 v3.01 AMS font symbols
 (/home/cihad/.local/texlive/2021/texmf-dist/tex/latex/amsfonts/amsfonts.sty
Package: amsfonts 2013/01/14 v3.01 Basic AMSFonts support
\symAMSa=\mathgroup4
\symAMSb=\mathgroup5
LaTeX Font Info:    Redeclaring math symbol \hbar on input line 98.
LaTeX Font Info:    Overwriting math alphabet `\mathfrak' in version `bold'
(Font)                  U/euf/m/n --> U/euf/b/n on input line 106.
)) (/home/cihad/.local/texlive/2021/texmf-dist/tex/latex/mathtools/mathtools.sty
Package: mathtools 2021/04/12 v1.27 mathematical typesetting tools
 (/home/cihad/.local/texlive/2021/texmf-dist/tex/latex/tools/calc.sty
Package: calc 2017/05/25 v4.3 Infix arithmetic (KKT,FJ)
\calc@Acount=\count290
\calc@Bcount=\count291
\calc@Adimen=\dimen159
\calc@Bdimen=\dimen160
\calc@Askip=\skip68
\calc@Bskip=\skip69
LaTeX Info: Redefining \setlength on input line 80.
LaTeX Info: Redefining \addtolength on input line 81.
\calc@Ccount=\count292
\calc@Cskip=\skip70
) (/home/cihad/.local/texlive/2021/texmf-dist/tex/latex/mathtools/mhsetup.sty
Package: mhsetup 2021/03/18 v1.4 programming setup (MH)
)
LaTeX Info: Thecontrolsequence`\('isalreadyrobust on input line 130.
LaTeX Info: Thecontrolsequence`\)'isalreadyrobust on input line 130.
LaTeX Info: Thecontrolsequence`\['isalreadyrobust on input line 130.
LaTeX Info: Thecontrolsequence`\]'isalreadyrobust on input line 130.
\g_MT_multlinerow_int=\count293
\l_MT_multwidth_dim=\dimen161
\origjot=\skip71
\l_MT_shortvdotswithinadjustabove_dim=\dimen162
\l_MT_shortvdotswithinadjustbelow_dim=\dimen163
\l_MT_above_intertext_sep=\dimen164
\l_MT_below_intertext_sep=\dimen165
\l_MT_above_shortintertext_sep=\dimen166
\l_MT_below_shortintertext_sep=\dimen167
\xmathstrut@box=\box52
\xmathstrut@dim=\dimen168
) (/home/cihad/.local/texlive/2021/texmf-dist/tex/latex/unicode-math/unicode-math.sty
Package: unicode-math 2020/01/31 v0.8q Unicode maths in XeLaTeX and LuaLaTeX
 (/home/cihad/.local/texlive/2021/texmf-dist/tex/latex/unicode-math/unicode-math-luatex.sty
Package: unicode-math-luatex 2020/01/31 v0.8q Unicode maths in XeLaTeX and LuaLaTeX
 (/home/cihad/.local/texlive/2021/texmf-dist/tex/latex/base/fix-cm.sty
Package: fix-cm 2015/01/14 v1.1t fixes to LaTeX
 (/home/cihad/.local/texlive/2021/texmf-dist/tex/latex/base/ts1enc.def
File: ts1enc.def 2001/06/05 v3.0e (jk/car/fm) Standard LaTeX file
LaTeX Font Info:    Redeclaring font encoding TS1 on input line 47.
)) (/home/cihad/.local/texlive/2021/texmf-dist/tex/lualatex/lualatex-math/lualatex-math.sty
Package: lualatex-math 2020/09/25 v1.9 Patches for mathematics typesetting with LuaLaTeX
Lua module: lualatex-math 2013/08/03 1.3 Patches for mathematics typesetting with LuaLaTeX

Package lualatex-math Warning: I've expected \MT_cramped_internal:Nn to have
(lualatex-math)                the meaning
(lualatex-math)                macro:#1#2->\sbox \z@ {$\m@th
(lualatex-math)                #1\nulldelimiterspace =\z@ \radical \z@
(lualatex-math)                {#2}$}\ifx #1\displaystyle \dimen@ =\fontdimen
(lualatex-math)                8\textfont 3\advance \dimen@ .25\fontdimen
(lualatex-math)                5\textfont 2\else \dimen@ =1.25\fontdimen 8\ifx
(lualatex-math)                #1\textstyle \textfont \else \ifx
(lualatex-math)                #1\scriptstyle \scriptfont \else
(lualatex-math)                \scriptscriptfont \fi \fi 3\fi \advance \dimen@
(lualatex-math)                -\ht \z@ \ht \z@ =-\dimen@ \box \z@ ,
(lualatex-math)                but it has the meaning
(lualatex-math)                macro:#1#2->{\ensuremath {\use:c
(lualatex-math)                {cramped\cs_to_str:N #1}#2}}.

)
\g__um_fam_int=\count294
\g__um_fonts_used_int=\count295
\l__um_primecount_int=\count296
\g__um_primekern_muskip=\muskip17
 (/home/cihad/.local/texlive/2021/texmf-dist/tex/latex/unicode-math/unicode-math-table.tex)))
luaotfload | cache : Lookup cache loaded from /home/cihad/.local/texlive/2021/texmf-var/luatex-cache/generic/names/luaotfload-lookup-cache.luc.

Package fontspec Info: Could not resolve font "LatinModernMath/B" (it probably
(fontspec)             doesn't exist).


Package fontspec Info: Font family 'LatinModernMath(0)' created for font
(fontspec)             'Latin Modern Math' with options
(fontspec)             [Renderer=Harfbuzz,Renderer=Basic,BoldItalicFont={},ItalicFont={},SmallCapsFont={},Script=Math,FontAdjustment={\__um_luatex_copy_fontdimens:
(fontspec)             }].
(fontspec)              
(fontspec)              This font family consists of the following NFSS
(fontspec)             series/shapes:
(fontspec)              
(fontspec)             - 'normal' (m/n) with NFSS spec.:
(fontspec)             <->"LatinModernMath:mode=base;script=math;language=dflt;"
(fontspec)             - 'small caps'  (m/sc) with NFSS spec.: 
(fontspec)             and font adjustment code:
(fontspec)             \__um_luatex_copy_fontdimens: 


Package fontspec Info: Could not resolve font "LatinModernMath/B" (it probably
(fontspec)             doesn't exist).


Package fontspec Info: Font family 'LatinModernMath(1)' created for font
(fontspec)             'Latin Modern Math' with options
(fontspec)             [Renderer=Harfbuzz,Renderer=Basic,BoldItalicFont={},ItalicFont={},SmallCapsFont={},Script=Math,SizeFeatures={{Size=9.3075-},{Size=6.57-9.3075,Font=Latin
(fontspec)             Modern Math,Style=MathScript},{Size=-6.57,Font=Latin
(fontspec)             Modern
(fontspec)             Math,Style=MathScriptScript}},FontAdjustment={\__um_luatex_copy_fontdimens:
(fontspec)             }].
(fontspec)              
(fontspec)              This font family consists of the following NFSS
(fontspec)             series/shapes:
(fontspec)              
(fontspec)             - 'normal' (m/n) with NFSS spec.:
(fontspec)             <9.3075->"LatinModernMath:mode=base;script=math;language=dflt;"<6.57-9.3075>"LatinModernMath:mode=base;script=math;language=dflt;+ssty=0;"<-6.57>"LatinModernMath:mode=base;script=math;language=dflt;+ssty=1;"
(fontspec)             - 'small caps'  (m/sc) with NFSS spec.: 
(fontspec)             and font adjustment code:
(fontspec)             \__um_luatex_copy_fontdimens: 

LaTeX Font Info:    Encoding `OT1' has changed to `TU' for symbol font
(Font)              `operators' in the math version `normal' on input line 64.
LaTeX Font Info:    Overwriting symbol font `operators' in version `normal'
(Font)                  OT1/cmr/m/n --> TU/LatinModernMath(1)/m/n on input line 64.
LaTeX Font Info:    Encoding `OT1' has changed to `TU' for symbol font
(Font)              `operators' in the math version `bold' on input line 64.
LaTeX Font Info:    Overwriting symbol font `operators' in version `bold'
(Font)                  OT1/cmr/bx/n --> TU/LatinModernMath(1)/b/n on input line 64.

Package fontspec Info: LatinModernMath scale = 1.0001.


Package fontspec Info: Could not resolve font "LatinModernMath/B" (it probably
(fontspec)             doesn't exist).


Package fontspec Info: LatinModernMath scale = 1.0001.


Package fontspec Info: LatinModernMath scale = 1.0001.


Package fontspec Info: LatinModernMath scale = 1.0001.


Package fontspec Info: Font family 'LatinModernMath(2)' created for font
(fontspec)             'Latin Modern Math' with options
(fontspec)             [Renderer=Harfbuzz,Renderer=Basic,BoldItalicFont={},ItalicFont={},SmallCapsFont={},Script=Math,SizeFeatures={{Size=9.3075-},{Size=6.57-9.3075,Font=Latin
(fontspec)             Modern Math,Style=MathScript},{Size=-6.57,Font=Latin
(fontspec)             Modern
(fontspec)             Math,Style=MathScriptScript}},FontAdjustment={\__um_luatex_copy_fontdimens:
(fontspec)             },ScaleAgain=1.0001,FontAdjustment={\fontdimen 8\font
(fontspec)             =7.41315pt\relax \fontdimen 9\font =4.31429pt\relax
(fontspec)             \fontdimen 10\font =4.86179pt\relax \fontdimen 11\font
(fontspec)             =7.51169pt\relax \fontdimen 12\font =3.77774pt\relax
(fontspec)             \fontdimen 13\font =3.97484pt\relax \fontdimen 14\font
(fontspec)             =3.97484pt\relax \fontdimen 15\font =3.16454pt\relax
(fontspec)             \fontdimen 16\font =2.70464pt\relax \fontdimen 17\font
(fontspec)             =2.70464pt\relax \fontdimen 18\font =2.73749pt\relax
(fontspec)             \fontdimen 19\font =2.18999pt\relax \fontdimen 22\font
(fontspec)             =2.73749pt\relax \fontdimen 20\font =0pt\relax
(fontspec)             \fontdimen 21\font =0pt\relax }].
(fontspec)              
(fontspec)              This font family consists of the following NFSS
(fontspec)             series/shapes:
(fontspec)              
(fontspec)             - 'normal' (m/n) with NFSS spec.:
(fontspec)             <9.3075->s*[1.0001]"LatinModernMath:mode=base;script=math;language=dflt;"<6.57-9.3075>s*[1.0001]"LatinModernMath:mode=base;script=math;language=dflt;+ssty=0;"<-6.57>s*[1.0001]"LatinModernMath:mode=base;script=math;language=dflt;+ssty=1;"
(fontspec)             - 'small caps'  (m/sc) with NFSS spec.: 
(fontspec)             and font adjustment code:
(fontspec)             \__um_luatex_copy_fontdimens: \fontdimen 8\font
(fontspec)             =7.41315pt\relax \fontdimen 9\font =4.31429pt\relax
(fontspec)             \fontdimen 10\font =4.86179pt\relax \fontdimen 11\font
(fontspec)             =7.51169pt\relax \fontdimen 12\font =3.77774pt\relax
(fontspec)             \fontdimen 13\font =3.97484pt\relax \fontdimen 14\font
(fontspec)             =3.97484pt\relax \fontdimen 15\font =3.16454pt\relax
(fontspec)             \fontdimen 16\font =2.70464pt\relax \fontdimen 17\font
(fontspec)             =2.70464pt\relax \fontdimen 18\font =2.73749pt\relax
(fontspec)             \fontdimen 19\font =2.18999pt\relax \fontdimen 22\font
(fontspec)             =2.73749pt\relax \fontdimen 20\font =0pt\relax
(fontspec)             \fontdimen 21\font =0pt\relax 

LaTeX Font Info:    Encoding `OMS' has changed to `TU' for symbol font
(Font)              `symbols' in the math version `normal' on input line 64.
LaTeX Font Info:    Overwriting symbol font `symbols' in version `normal'
(Font)                  OMS/cmsy/m/n --> TU/LatinModernMath(2)/m/n on input line 64.
LaTeX Font Info:    Encoding `OMS' has changed to `TU' for symbol font
(Font)              `symbols' in the math version `bold' on input line 64.
LaTeX Font Info:    Overwriting symbol font `symbols' in version `bold'
(Font)                  OMS/cmsy/b/n --> TU/LatinModernMath(2)/b/n on input line 64.

Package fontspec Info: LatinModernMath scale = 0.9999.


Package fontspec Info: Could not resolve font "LatinModernMath/B" (it probably
(fontspec)             doesn't exist).


Package fontspec Info: LatinModernMath scale = 0.9999.


Package fontspec Info: LatinModernMath scale = 0.9999.


Package fontspec Info: LatinModernMath scale = 0.9999.


Package fontspec Info: Font family 'LatinModernMath(3)' created for font
(fontspec)             'Latin Modern Math' with options
(fontspec)             [Renderer=Harfbuzz,Renderer=Basic,BoldItalicFont={},ItalicFont={},SmallCapsFont={},Script=Math,SizeFeatures={{Size=9.3075-},{Size=6.57-9.3075,Font=Latin
(fontspec)             Modern Math,Style=MathScript},{Size=-6.57,Font=Latin
(fontspec)             Modern
(fontspec)             Math,Style=MathScriptScript}},FontAdjustment={\__um_luatex_copy_fontdimens:
(fontspec)             },ScaleAgain=0.9999,FontAdjustment={\fontdimen 8\font
(fontspec)             =0.43799pt\relax \fontdimen 9\font =2.18999pt\relax
(fontspec)             \fontdimen 10\font =1.82864pt\relax \fontdimen 11\font
(fontspec)             =1.21544pt\relax \fontdimen 12\font =6.56999pt\relax
(fontspec)             \fontdimen 13\font =0pt\relax }].
(fontspec)              
(fontspec)              This font family consists of the following NFSS
(fontspec)             series/shapes:
(fontspec)              
(fontspec)             - 'normal' (m/n) with NFSS spec.:
(fontspec)             <9.3075->s*[0.9999]"LatinModernMath:mode=base;script=math;language=dflt;"<6.57-9.3075>s*[0.9999]"LatinModernMath:mode=base;script=math;language=dflt;+ssty=0;"<-6.57>s*[0.9999]"LatinModernMath:mode=base;script=math;language=dflt;+ssty=1;"
(fontspec)             - 'small caps'  (m/sc) with NFSS spec.: 
(fontspec)             and font adjustment code:
(fontspec)             \__um_luatex_copy_fontdimens: \fontdimen 8\font
(fontspec)             =0.43799pt\relax \fontdimen 9\font =2.18999pt\relax
(fontspec)             \fontdimen 10\font =1.82864pt\relax \fontdimen 11\font
(fontspec)             =1.21544pt\relax \fontdimen 12\font =6.56999pt\relax
(fontspec)             \fontdimen 13\font =0pt\relax 

LaTeX Font Info:    Encoding `OMX' has changed to `TU' for symbol font
(Font)              `largesymbols' in the math version `normal' on input line 64.
LaTeX Font Info:    Overwriting symbol font `largesymbols' in version `normal'
(Font)                  OMX/cmex/m/n --> TU/LatinModernMath(3)/m/n on input line 64.
LaTeX Font Info:    Encoding `OMX' has changed to `TU' for symbol font
(Font)              `largesymbols' in the math version `bold' on input line 64.
LaTeX Font Info:    Overwriting symbol font `largesymbols' in version `bold'
(Font)                  OMX/cmex/m/n --> TU/LatinModernMath(3)/b/n on input line 64.
LaTeX Font Info:    Font shape `TU/LatinModernMath(2)/m/n' will be
(Font)              scaled to size 10.95116pt on input line 64.
LaTeX Font Info:    Font shape `TU/LatinModernMath(2)/m/n' will be
(Font)              scaled to size 7.6658pt on input line 64.
LaTeX Font Info:    Font shape `TU/LatinModernMath(2)/m/n' will be
(Font)              scaled to size 5.47559pt on input line 64.
LaTeX Font Info:    Font shape `TU/LatinModernMath(3)/m/n' will be
(Font)              scaled to size 10.94882pt on input line 64.
LaTeX Font Info:    Font shape `TU/LatinModernMath(3)/m/n' will be
(Font)              scaled to size 7.66417pt on input line 64.
LaTeX Font Info:    Font shape `TU/LatinModernMath(3)/m/n' will be
(Font)              scaled to size 5.47441pt on input line 64.
LaTeX Font Info:    Trying to load font information for U+msa on input line 64.
 (/home/cihad/.local/texlive/2021/texmf-dist/tex/latex/amsfonts/umsa.fd
File: umsa.fd 2013/01/14 v3.01 AMS symbols A
)
LaTeX Font Info:    Trying to load font information for U+msb on input line 64.
 (/home/cihad/.local/texlive/2021/texmf-dist/tex/latex/amsfonts/umsb.fd
File: umsb.fd 2013/01/14 v3.01 AMS symbols B
) (/home/cihad/.local/texlive/2021/texmf-dist/tex/latex/l3packages/xfrac/xfrac.sty (/home/cihad/.local/texlive/2021/texmf-dist/tex/latex/graphics/graphicx.sty
Package: graphicx 2020/09/09 v1.2b Enhanced LaTeX Graphics (DPC,SPQR)
 (/home/cihad/.local/texlive/2021/texmf-dist/tex/latex/graphics/graphics.sty
Package: graphics 2020/08/30 v1.4c Standard LaTeX Graphics (DPC,SPQR)
 (/home/cihad/.local/texlive/2021/texmf-dist/tex/latex/graphics/trig.sty
Package: trig 2016/01/03 v1.10 sin cos tan (DPC)
) (/home/cihad/.local/texlive/2021/texmf-dist/tex/latex/graphics-cfg/graphics.cfg
File: graphics.cfg 2016/06/04 v1.11 sample graphics configuration
)
Package graphics Info: Driver file: luatex.def on input line 105.
)
\Gin@req@height=\dimen169
\Gin@req@width=\dimen170
) (/home/cihad/.local/texlive/2021/texmf-dist/tex/latex/base/textcomp.sty
Package: textcomp 2020/02/02 v2.0n Standard LaTeX package
) (/home/cihad/.local/texlive/2021/texmf-dist/tex/latex/l3packages/xtemplate/xtemplate.sty
Package: xtemplate 2021-05-07 L3 Experimental prototype document functions
\l__xtemplate_tmp_dim=\dimen171
\l__xtemplate_tmp_int=\count297
\l__xtemplate_tmp_muskip=\muskip18
\l__xtemplate_tmp_skip=\skip72
)
Package: xfrac 2021-05-07 L3 Experimental split-level fractions
\l__xfrac_slash_box=\box53
\l__xfrac_tmp_box=\box54
\l__xfrac_denominator_bot_sep_dim=\dimen172
\l__xfrac_numerator_bot_sep_dim=\dimen173
\l__xfrac_numerator_top_sep_dim=\dimen174
\l__xfrac_slash_left_sep_dim=\dimen175
\l__xfrac_slash_right_sep_dim=\dimen176
\l__xfrac_slash_left_muskip=\muskip19
\l__xfrac_slash_right_muskip=\muskip20

Package xtemplate Info: Declaring object type 'xfrac' taking 3 argument(s) on
(xtemplate)             line 80.

) (/home/cihad/.local/texlive/2021/texmf-dist/tex/latex/siunitx/siunitx.sty
Package: siunitx 2021-04-17 v2.8e A comprehensive (SI) units package
 (/home/cihad/.local/texlive/2021/texmf-dist/tex/latex/tools/array.sty
Package: array 2020/10/01 v2.5c Tabular extension package (FMi)
\col@sep=\dimen177
\ar@mcellbox=\box55
\extrarowheight=\dimen178
\NC@list=\toks26
\extratabsurround=\skip73
\backup@length=\skip74
\ar@cellbox=\box56
)
\l__siunitx_tmp_box=\box57
\l__siunitx_tmp_dim=\dimen179
\l__siunitx_tmp_int=\count298
\l__siunitx_number_mantissa_length_int=\count299
\l__siunitx_number_uncert_length_int=\count300
\l__siunitx_round_int=\count301
\l__siunitx_process_decimal_int=\count302
\l__siunitx_process_uncertainty_int=\count303
\l__siunitx_process_fixed_int=\count304
\l__siunitx_process_integer_min_int=\count305
\l__siunitx_process_precision_int=\count306
\l__siunitx_group_min_int=\count307
\l__siunitx_angle_marker_box=\box58
\l__siunitx_angle_unit_box=\box59
\l__siunitx_angle_marker_dim=\dimen180
\l__siunitx_angle_unit_dim=\dimen181
\l__siunitx_unit_int=\count308
\l__siunitx_unit_denominator_int=\count309
\l__siunitx_unit_numerator_int=\count310
\l__siunitx_unit_prefix_int=\count311
\l__siunitx_unit_prefix_base_int=\count312
\l__siunitx_unit_prefix_gram_int=\count313
\l__siunitx_number_product_int=\count314
\c__siunitx_one_fill_skip=\skip75
\l__siunitx_table_unit_align_skip=\skip76
\l__siunitx_table_exponent_dim=\dimen182
\l__siunitx_table_integer_dim=\dimen183
\l__siunitx_table_mantissa_dim=\dimen184
\l__siunitx_table_marker_dim=\dimen185
\l__siunitx_table_result_dim=\dimen186
\l__siunitx_table_uncert_dim=\dimen187
\l__siunitx_table_fill_pre_dim=\dimen188
\l__siunitx_table_fill_post_dim=\dimen189
\l__siunitx_table_fill_mid_dim=\dimen190
\l__siunitx_table_pre_box=\box60
\l__siunitx_table_post_box=\box61
\l__siunitx_table_mantissa_box=\box62
\l__siunitx_table_result_box=\box63
\l__siunitx_table_number_align_skip=\skip77
\l__siunitx_table_text_align_skip=\skip78
 (/home/cihad/.local/texlive/2021/texmf-dist/tex/latex/translator/translator.sty
Package: translator 2020-08-03 v1.12c Easy translation of strings in LaTeX
)) (/home/cihad/.local/texlive/2021/texmf-dist/tex/latex/booktabs/booktabs.sty
Package: booktabs 2020/01/12 v1.61803398 Publication quality tables
\heavyrulewidth=\dimen191
\lightrulewidth=\dimen192
\cmidrulewidth=\dimen193
\belowrulesep=\dimen194
\belowbottomsep=\dimen195
\aboverulesep=\dimen196
\abovetopsep=\dimen197
\cmidrulesep=\dimen198
\cmidrulekern=\dimen199
\defaultaddspace=\dimen256
\@cmidla=\count315
\@cmidlb=\count316
\@aboverulesep=\dimen257
\@belowrulesep=\dimen258
\@thisruleclass=\count317
\@lastruleclass=\count318
\@thisrulewidth=\dimen259
) (/home/cihad/.local/texlive/2021/texmf-dist/tex/latex/koma-script/scrhack.sty
Package: scrhack 2021/03/17 v3.33 KOMA-Script package (hacking other packages)
 (/home/cihad/.local/texlive/2021/texmf-dist/tex/latex/xpatch/xpatch.sty
Package: xpatch 2020/03/25 v0.3a Extending etoolbox patching commands
)) (/home/cihad/.local/texlive/2021/texmf-dist/tex/latex/float/float.sty
Package: float 2001/11/08 v1.3d Float enhancements (AL)
\c@float@type=\count319
\float@exts=\toks27
\float@box=\box64
\@float@everytoks=\toks28
\@floatcapt=\box65
)
Package scrhack Info: loading float hack on input line 97.
 (/home/cihad/.local/texlive/2021/texmf-dist/tex/latex/koma-script/float.hak
File: float.hak 2021/03/17 v3.33 KOMA-Script scrhack part (hacking package float)
Package scrhack Info: redefining \newfloat on input line 163.
Package scrhack Info: redefining \listof on input line 163.
Package scrhack Info: undefining \float@addtolists on input line 163.
) (/home/cihad/.local/texlive/2021/texmf-dist/tex/latex/placeins/placeins.sty
Package: placeins 2005/04/18  v 2.2
) (/home/cihad/.local/texlive/2021/texmf-dist/tex/latex/enumitem/enumitem.sty
Package: enumitem 2019/06/20 v3.9 Customized lists
\labelindent=\skip79
\enit@outerparindent=\dimen260
\enit@toks=\toks29
\enit@inbox=\box66
\enit@count@id=\count320
\enitdp@description=\count321
) (/home/cihad/.local/texlive/2021/texmf-dist/tex/latex/biblatex/biblatex.sty
Package: biblatex 2020/12/31 v3.16 programmable bibliographies (PK/MW)
 (/home/cihad/.local/texlive/2021/texmf-dist/tex/latex/logreq/logreq.sty
Package: logreq 2010/08/04 v1.0 xml request logger
\lrq@indent=\count322
 (/home/cihad/.local/texlive/2021/texmf-dist/tex/latex/logreq/logreq.def
File: logreq.def 2010/08/04 v1.0 logreq spec v1.0
)) (/home/cihad/.local/texlive/2021/texmf-dist/tex/latex/base/ifthen.sty
Package: ifthen 2014/09/29 v1.1c Standard LaTeX ifthen package (DPC)
) (/home/cihad/.local/texlive/2021/texmf-dist/tex/latex/url/url.sty
\Urlmuskip=\muskip21
Package: url 2013/09/16  ver 3.4  Verb mode for urls, etc.
)
\c@tabx@nest=\count323
\c@listtotal=\count324
\c@listcount=\count325
\c@liststart=\count326
\c@liststop=\count327
\c@citecount=\count328
\c@citetotal=\count329
\c@multicitecount=\count330
\c@multicitetotal=\count331
\c@instcount=\count332
\c@maxnames=\count333
\c@minnames=\count334
\c@maxitems=\count335
\c@minitems=\count336
\c@citecounter=\count337
\c@maxcitecounter=\count338
\c@savedcitecounter=\count339
\c@uniquelist=\count340
\c@uniquename=\count341
\c@refsection=\count342
\c@refsegment=\count343
\c@maxextratitle=\count344
\c@maxextratitleyear=\count345
\c@maxextraname=\count346
\c@maxextradate=\count347
\c@maxextraalpha=\count348
\c@abbrvpenalty=\count349
\c@highnamepenalty=\count350
\c@lownamepenalty=\count351
\c@maxparens=\count352
\c@parenlevel=\count353
\blx@tempcnta=\count354
\blx@tempcntb=\count355
\blx@tempcntc=\count356
\blx@maxsection=\count357
\blx@maxsegment@0=\count358
\blx@notetype=\count359
\blx@parenlevel@text=\count360
\blx@parenlevel@foot=\count361
\blx@sectionciteorder@0=\count362
\blx@entrysetcounter=\count363
\blx@biblioinstance=\count364
\labelnumberwidth=\skip80
\labelalphawidth=\skip81
\biblabelsep=\skip82
\bibitemsep=\skip83
\bibnamesep=\skip84
\bibinitsep=\skip85
\bibparsep=\skip86
\bibhang=\skip87
\blx@bcfin=\read2
\blx@bcfout=\write3
\blx@langwohyphens=\language2
\c@mincomprange=\count365
\c@maxcomprange=\count366
\c@mincompwidth=\count367
Package biblatex Info: Trying to load biblatex default data model...
Package biblatex Info: ... file 'blx-dm.def' found.
 (/home/cihad/.local/texlive/2021/texmf-dist/tex/latex/biblatex/blx-dm.def
File: blx-dm.def 2020/12/31 v3.16 biblatex localization (PK/MW)
)
Package biblatex Info: Trying to load biblatex style data model...
Package biblatex Info: ... file 'alphabetic.dbx' not found.
Package biblatex Info: Trying to load biblatex custom data model...
Package biblatex Info: ... file 'biblatex-dm.cfg' not found.
\c@afterword=\count368
\c@savedafterword=\count369
\c@annotator=\count370
\c@savedannotator=\count371
\c@author=\count372
\c@savedauthor=\count373
\c@bookauthor=\count374
\c@savedbookauthor=\count375
\c@commentator=\count376
\c@savedcommentator=\count377
\c@editor=\count378
\c@savededitor=\count379
\c@editora=\count380
\c@savededitora=\count381
\c@editorb=\count382
\c@savededitorb=\count383
\c@editorc=\count384
\c@savededitorc=\count385
\c@foreword=\count386
\c@savedforeword=\count387
\c@holder=\count388
\c@savedholder=\count389
\c@introduction=\count390
\c@savedintroduction=\count391
\c@namea=\count392
\c@savednamea=\count393
\c@nameb=\count394
\c@savednameb=\count395
\c@namec=\count396
\c@savednamec=\count397
\c@translator=\count398
\c@savedtranslator=\count399
\c@shortauthor=\count400
\c@savedshortauthor=\count401
\c@shorteditor=\count402
\c@savedshorteditor=\count403
\c@labelname=\count404
\c@savedlabelname=\count405
\c@institution=\count406
\c@savedinstitution=\count407
\c@lista=\count408
\c@savedlista=\count409
\c@listb=\count410
\c@savedlistb=\count411
\c@listc=\count412
\c@savedlistc=\count413
\c@listd=\count414
\c@savedlistd=\count415
\c@liste=\count416
\c@savedliste=\count417
\c@listf=\count418
\c@savedlistf=\count419
\c@location=\count420
\c@savedlocation=\count421
\c@organization=\count422
\c@savedorganization=\count423
\c@origlocation=\count424
\c@savedoriglocation=\count425
\c@origpublisher=\count426
\c@savedorigpublisher=\count427
\c@publisher=\count428
\c@savedpublisher=\count429
\c@language=\count430
\c@savedlanguage=\count431
\c@origlanguage=\count432
\c@savedoriglanguage=\count433
\c@pageref=\count434
\c@savedpageref=\count435
\shorthandwidth=\skip88
\shortjournalwidth=\skip89
\shortserieswidth=\skip90
\shorttitlewidth=\skip91
\shortauthorwidth=\skip92
\shorteditorwidth=\skip93
\locallabelnumberwidth=\skip94
\locallabelalphawidth=\skip95
\localshorthandwidth=\skip96
\localshortjournalwidth=\skip97
\localshortserieswidth=\skip98
\localshorttitlewidth=\skip99
\localshortauthorwidth=\skip100
\localshorteditorwidth=\skip101
Package biblatex Info: Trying to load enhanced support for Unicode engines...
Package biblatex Info: ... file 'blx-unicode.def' found.
 (/home/cihad/.local/texlive/2021/texmf-dist/tex/latex/biblatex/blx-unicode.def)
Package biblatex Info: Trying to load compatibility code...
Package biblatex Info: ... file 'blx-compat.def' found.
 (/home/cihad/.local/texlive/2021/texmf-dist/tex/latex/biblatex/blx-compat.def
File: blx-compat.def 2020/12/31 v3.16 biblatex compatibility (PK/MW)
)
Package biblatex Info: Trying to load generic definitions...
Package biblatex Info: ... file 'biblatex.def' found.
 (/home/cihad/.local/texlive/2021/texmf-dist/tex/latex/biblatex/biblatex.def
File: biblatex.def 2020/12/31 v3.16 biblatex compatibility (PK/MW)
\c@textcitecount=\count436
\c@textcitetotal=\count437
\c@textcitemaxnames=\count438
\c@biburlbigbreakpenalty=\count439
\c@biburlbreakpenalty=\count440
\c@biburlnumpenalty=\count441
\c@biburlucpenalty=\count442
\c@biburllcpenalty=\count443
\biburlbigskip=\muskip22
\biburlnumskip=\muskip23
\biburlucskip=\muskip24
\biburllcskip=\muskip25
\c@smartand=\count444
)
Package biblatex Info: Trying to load bibliography style 'alphabetic'...
Package biblatex Info: ... file 'alphabetic.bbx' found.
 (/home/cihad/.local/texlive/2021/texmf-dist/tex/latex/biblatex/bbx/alphabetic.bbx
File: alphabetic.bbx 2020/12/31 v3.16 biblatex bibliography style (PK/MW)
Package biblatex Info: Trying to load bibliography style 'standard'...
Package biblatex Info: ... file 'standard.bbx' found.
 (/home/cihad/.local/texlive/2021/texmf-dist/tex/latex/biblatex/bbx/standard.bbx
File: standard.bbx 2020/12/31 v3.16 biblatex bibliography style (PK/MW)
\c@bbx:relatedcount=\count445
\c@bbx:relatedtotal=\count446
))
Package biblatex Info: Trying to load citation style 'alphabetic'...
Package biblatex Info: ... file 'alphabetic.cbx' found.
 (/home/cihad/.local/texlive/2021/texmf-dist/tex/latex/biblatex/cbx/alphabetic.cbx
File: alphabetic.cbx 2020/12/31 v3.16 biblatex citation style (PK/MW)
Package biblatex Info: Redefining '\cite'.
Package biblatex Info: Redefining '\parencite'.
Package biblatex Info: Redefining '\footcite'.
Package biblatex Info: Redefining '\footcitetext'.
Package biblatex Info: Redefining '\smartcite'.
Package biblatex Info: Redefining '\textcite'.
Package biblatex Info: Redefining '\textcites'.
Package biblatex Info: Redefining '\cites'.
Package biblatex Info: Redefining '\parencites'.
Package biblatex Info: Redefining '\smartcites'.
)
Package biblatex Info: Trying to load configuration file...
Package biblatex Info: ... file 'biblatex.cfg' found.
 (/home/cihad/.local/texlive/2021/texmf-dist/tex/latex/biblatex/biblatex.cfg
File: biblatex.cfg 
))
Package scrhack Info: hyperref hack deactivated because of
(scrhack)             detection of KOMA-Script class, that doesn't
(scrhack)             need that hack, on input line 126.
 (/home/cihad/.local/texlive/2021/texmf-dist/tex/latex/hyperref/hyperref.sty
Package: hyperref 2021-02-27 v7.00k Hypertext links for LaTeX
 (/home/cihad/.local/texlive/2021/texmf-dist/tex/generic/kvdefinekeys/kvdefinekeys.sty
Package: kvdefinekeys 2019-12-19 v1.6 Define keys (HO)
) (/home/cihad/.local/texlive/2021/texmf-dist/tex/generic/pdfescape/pdfescape.sty
Package: pdfescape 2019/12/09 v1.15 Implements pdfTeX's escape features (HO)
) (/home/cihad/.local/texlive/2021/texmf-dist/tex/latex/hycolor/hycolor.sty
Package: hycolor 2020-01-27 v1.10 Color options for hyperref/bookmark (HO)
) (/home/cihad/.local/texlive/2021/texmf-dist/tex/latex/letltxmacro/letltxmacro.sty
Package: letltxmacro 2019/12/03 v1.6 Let assignment for LaTeX macros (HO)
) (/home/cihad/.local/texlive/2021/texmf-dist/tex/latex/auxhook/auxhook.sty
Package: auxhook 2019-12-17 v1.6 Hooks for auxiliary files (HO)
)
\@linkdim=\dimen261
\Hy@linkcounter=\count447
\Hy@pagecounter=\count448
 (/home/cihad/.local/texlive/2021/texmf-dist/tex/latex/hyperref/pd1enc.def
File: pd1enc.def 2021-02-27 v7.00k Hyperref: PDFDocEncoding definition (HO)
) (/home/cihad/.local/texlive/2021/texmf-dist/tex/latex/hyperref/hyperref-langpatches.def
File: hyperref-langpatches.def 2021-02-27 v7.00k Hyperref: patches for babel languages
) (/home/cihad/.local/texlive/2021/texmf-dist/tex/generic/intcalc/intcalc.sty
Package: intcalc 2019/12/15 v1.3 Expandable calculations with integers (HO)
) (/home/cihad/.local/texlive/2021/texmf-dist/tex/generic/etexcmds/etexcmds.sty
Package: etexcmds 2019/12/15 v1.7 Avoid name clashes with e-TeX commands (HO)
)
\Hy@SavedSpaceFactor=\count449
 (/home/cihad/.local/texlive/2021/texmf-dist/tex/latex/hyperref/puenc.def
File: puenc.def 2021-02-27 v7.00k Hyperref: PDF Unicode definition (HO)
)
Package hyperref Info: Option `pdfusetitle' set `true' on input line 4073.
Package hyperref Info: Option `unicode' set `true' on input line 4073.
Package hyperref Info: Hyper figures OFF on input line 4192.
Package hyperref Info: Link nesting OFF on input line 4197.
Package hyperref Info: Hyper index ON on input line 4200.
Package hyperref Info: Plain pages OFF on input line 4207.
Package hyperref Info: Backreferencing OFF on input line 4212.
Package hyperref Info: Implicit mode ON; LaTeX internals redefined.
Package hyperref Info: Bookmarks ON on input line 4445.
\c@Hy@tempcnt=\count450
LaTeX Info: Redefining \url on input line 4804.
\XeTeXLinkMargin=\dimen262
 (/home/cihad/.local/texlive/2021/texmf-dist/tex/generic/bitset/bitset.sty
Package: bitset 2019/12/09 v1.3 Handle bit-vector datatype (HO)
)
\Fld@menulength=\count451
\Field@Width=\dimen263
\Fld@charsize=\dimen264
Package hyperref Info: Hyper figures OFF on input line 6075.
Package hyperref Info: Link nesting OFF on input line 6080.
Package hyperref Info: Hyper index ON on input line 6083.
Package hyperref Info: backreferencing OFF on input line 6090.
Package hyperref Info: Link coloring OFF on input line 6095.
Package hyperref Info: Link coloring with OCG OFF on input line 6100.
Package hyperref Info: PDF/A mode OFF on input line 6105.
LaTeX Info: Redefining \ref on input line 6145.
LaTeX Info: Redefining \pageref on input line 6149.
 (/home/cihad/.local/texlive/2021/texmf-dist/tex/latex/base/atbegshi-ltx.sty
Package: atbegshi-ltx 2020/08/17 v1.0a Emulation of the original atbegshi package
with kernel methods
)
\Hy@abspage=\count452
\c@Item=\count453
\c@Hfootnote=\count454
)
Package hyperref Info: Driver (autodetected): hluatex.
 (/home/cihad/.local/texlive/2021/texmf-dist/tex/latex/hyperref/hluatex.def
File: hluatex.def 2021-02-27 v7.00k Hyperref driver for luaTeX
 (/home/cihad/.local/texlive/2021/texmf-dist/tex/generic/stringenc/stringenc.sty
Package: stringenc 2019/11/29 v1.12 Convert strings between diff. encodings (HO)
)
\Fld@listcount=\count455
\c@bookmark@seq@number=\count456
\Hy@SectionHShift=\skip102
) (/home/cihad/.local/texlive/2021/texmf-dist/tex/latex/bookmark/bookmark.sty
Package: bookmark 2020-11-06 v1.29 PDF bookmarks (HO)
 (/home/cihad/.local/texlive/2021/texmf-dist/tex/latex/bookmark/bkm-pdftex.def
File: bkm-pdftex.def 2020-11-06 v1.29 bookmark driver for pdfTeX (HO)
\BKM@id=\count457
)) (/home/cihad/.local/texlive/2021/texmf-dist/tex/latex/ncctools/extdash.sty
Package: extdash 2018/06/24 v1.3 Extended Dash Package (NCC)
)
Package csquotes Info: Checking for multilingual support...
Package csquotes Info: ... found 'polyglossia' package.
 (./thesis.aux
LaTeX Info: Redefining \rmfamily on input line 25.
LaTeX Info: Redefining \sffamily on input line 25.
LaTeX Info: Redefining \ttfamily on input line 25.
LaTeX Info: Redefining \rmfamily on input line 35.
LaTeX Info: Redefining \sffamily on input line 35.
LaTeX Info: Redefining \ttfamily on input line 35.
LaTeX Info: Redefining \rmfamily on input line 43.
LaTeX Info: Redefining \sffamily on input line 43.
LaTeX Info: Redefining \ttfamily on input line 43.
)
\openout1 = thesis.aux

LaTeX Font Info:    Checking defaults for OML/cmm/m/it on input line 147.
LaTeX Font Info:    ... okay on input line 147.
LaTeX Font Info:    Checking defaults for OMS/cmsy/m/n on input line 147.
LaTeX Font Info:    ... okay on input line 147.
LaTeX Font Info:    Checking defaults for OT1/cmr/m/n on input line 147.
LaTeX Font Info:    ... okay on input line 147.
LaTeX Font Info:    Checking defaults for T1/cmr/m/n on input line 147.
LaTeX Font Info:    ... okay on input line 147.
LaTeX Font Info:    Checking defaults for TS1/cmr/m/n on input line 147.
LaTeX Font Info:    ... okay on input line 147.
LaTeX Font Info:    Checking defaults for TU/lmr/m/n on input line 147.
LaTeX Font Info:    ... okay on input line 147.
LaTeX Font Info:    Checking defaults for OMX/cmex/m/n on input line 147.
LaTeX Font Info:    ... okay on input line 147.
LaTeX Font Info:    Checking defaults for U/cmr/m/n on input line 147.
LaTeX Font Info:    ... okay on input line 147.
LaTeX Font Info:    Checking defaults for PD1/pdf/m/n on input line 147.
LaTeX Font Info:    ... okay on input line 147.
LaTeX Font Info:    Checking defaults for PU/pdf/m/n on input line 147.
LaTeX Font Info:    ... okay on input line 147.
Package scrbase Info: activating english \contentsname on input line 147.
Package scrbase Info: activating english \listfigurename on input line 147.
Package scrbase Info: activating english \listtablename on input line 147.
 (/home/cihad/.local/texlive/2021/texmf-dist/tex/context/base/mkii/supp-pdf.mkii
[Loading MPS to PDF converter (version 2006.09.02).]
\scratchcounter=\count458
\scratchdimen=\dimen265
\scratchbox=\box67
\nofMPsegments=\count459
\nofMParguments=\count460
\everyMPshowfont=\toks30
\MPscratchCnt=\count461
\MPscratchDim=\dimen266
\MPnumerator=\count462
\makeMPintoPDFobject=\count463
\everyMPtoPDFconversion=\toks31
) (/home/cihad/.local/texlive/2021/texmf-dist/tex/latex/epstopdf-pkg/epstopdf-base.sty
Package: epstopdf-base 2020-01-24 v2.11 Base part for package epstopdf
 (/home/cihad/.local/texlive/2021/texmf-dist/tex/latex/grfext/grfext.sty
Package: grfext 2019/12/03 v1.3 Manage graphics extensions (HO)
)
Package epstopdf-base Info: Redefining graphics rule for `.eps' on input line 485.
Package grfext Info: Graphics extension search list:
(grfext)             [.pdf,.png,.jpg,.mps,.jpeg,.jbig2,.jb2,.PDF,.PNG,.JPG,.JPEG,.JBIG2,.JB2,.eps]
(grfext)             \AppendGraphicsExtensions on input line 504.
 (/home/cihad/.local/texlive/2021/texmf-dist/tex/latex/latexconfig/epstopdf-sys.cfg
File: epstopdf-sys.cfg 2010/07/13 v1.3 Configuration of (r)epstopdf for TeX Live
))
Package caption Info: Begin \AtBeginDocument code.
Package caption Info: float package is loaded.
Package caption Info: hyperref package is loaded.
Package caption Info: End \AtBeginDocument code.
LaTeX Info: Redefining \microtypecontext on input line 147.
Package microtype Info: Generating PDF output.
Package microtype Info: Character protrusion enabled (level 2).
Package microtype Info: Using default protrusion set `alltext'.
Package microtype Info: Automatic font expansion enabled (level 2),
(microtype)             stretch: 20, shrink: 20, step: 1, non-selected.
Package microtype Info: Using default expansion set `alltext-nott'.
LaTeX Info: Redefining \showhyphens on input line 147.
Package microtype Info: No adjustment of tracking.
Package microtype Info: No adjustment of spacing.
Package microtype Info: No adjustment of kerning.
 (/home/cihad/.local/texlive/2021/texmf-dist/tex/latex/microtype/mt-LatinModernRoman.cfg
File: mt-LatinModernRoman.cfg 2021/02/21 v1.1 microtype config. file: Latin Modern Roman (RS)
)
LaTeX Font Info:    Overwriting math alphabet `\mathrm' in version `normal'
(Font)                  TU/LatinModernMath(1)/m/n --> TU/lmr/m/n on input line 147.
LaTeX Font Info:    Overwriting math alphabet `\mathit' in version `normal'
(Font)                  OT1/cmr/m/it --> TU/lmr/m/it on input line 147.
LaTeX Font Info:    Overwriting math alphabet `\mathbf' in version `normal'
(Font)                  OT1/cmr/bx/n --> TU/lmr/bx/n on input line 147.
LaTeX Font Info:    Overwriting math alphabet `\mathsf' in version `normal'
(Font)                  OT1/cmss/m/n --> TU/lmss/m/n on input line 147.
LaTeX Font Info:    Overwriting math alphabet `\mathsf' in version `bold'
(Font)                  OT1/cmss/bx/n --> TU/lmss/bx/n on input line 147.
LaTeX Font Info:    Overwriting math alphabet `\mathtt' in version `normal'
(Font)                  OT1/cmtt/m/n --> TU/lmtt/m/n on input line 147.
LaTeX Font Info:    Overwriting math alphabet `\mathtt' in version `bold'
(Font)                  OT1/cmtt/m/n --> TU/lmtt/bx/n on input line 147.


Package unicode-math Warning: Using \overbracket and \underbracket from
(unicode-math)                `mathtools' package.
(unicode-math)                 
(unicode-math)                 Use \Uoverbracket and \Uunderbracket for
(unicode-math)                original `unicode-math' definition.


Package unicode-math Warning: I'm going to overwrite the following commands
(unicode-math)                from the `mathtools' package: 
(unicode-math)                 
(unicode-math)                     \dblcolon, \coloneqq, \Coloneqq, \eqqcolon.
(unicode-math)                
(unicode-math)                 
(unicode-math)                 Note that since I won't overwrite the other
(unicode-math)                colon-like commands, using them will lead to
(unicode-math)                inconsistencies.

(/home/cihad/.local/texlive/2021/texmf-dist/tex/latex/siunitx/siunitx-abbreviations.cfg
File: siunitx-abbreviations.cfg 2021-04-17 v2.8e siunitx: Abbreviated units
) (/home/cihad/.local/texlive/2021/texmf-dist/tex/latex/translator/translator-basic-dictionary-English.dict
Dictionary: translator-basic-dictionary, Language: English 
)
Package biblatex Info: Trying to load language 'american'...
Package biblatex Info: ... file 'american.lbx' found.
 (/home/cihad/.local/texlive/2021/texmf-dist/tex/latex/biblatex/lbx/american.lbx
File: american.lbx 2020/12/31 v3.16 biblatex localization (PK/MW)
Package biblatex Info: Trying to load language 'english'...
Package biblatex Info: ... file 'english.lbx' found.
 (/home/cihad/.local/texlive/2021/texmf-dist/tex/latex/biblatex/lbx/english.lbx
File: english.lbx 2020/12/31 v3.16 biblatex localization (PK/MW)
)
Package biblatex Info: Trying to load language 'english'...
Package biblatex Info: ... file 'english.lbx' found.
 (/home/cihad/.local/texlive/2021/texmf-dist/tex/latex/biblatex/lbx/english.lbx
File: english.lbx 2020/12/31 v3.16 biblatex localization (PK/MW)
))
Package biblatex Info: LuaTeX detected.
(biblatex)             Assuming input encoding 'utf8'.
Package biblatex Info: Automatic encoding selection.
(biblatex)             Assuming data encoding 'utf8'.
Package biblatex Info: Document encoding is UTF8 ....
Package biblatex Info: ... and expl3
(biblatex)             2021-05-07 L3 programming layer (loader) 
(biblatex)             is new enough (at least 2020/04/06),
(biblatex)             setting 'casechanger=expl3'.
 (/home/cihad/.local/texlive/2021/texmf-dist/tex/latex/biblatex/blx-case-expl3.sty
Package: blx-case-expl3 2020/12/31 v3.16 expl3 case changing code for biblatex
)
\openout3 = thesis.bcf

Package biblatex Info: Trying to load bibliographic data...
Package biblatex Info: ... file 'thesis.bbl' found.
 (./thesis.bbl)
Package biblatex Info: Reference section=0 on input line 147.
Package biblatex Info: Reference segment=0 on input line 147.
Package hyperref Info: Link coloring OFF on input line 147.
 (/home/cihad/.local/texlive/2021/texmf-dist/tex/latex/hyperref/nameref.sty
Package: nameref 2021-04-02 v2.47 Cross-referencing by name of section
 (/home/cihad/.local/texlive/2021/texmf-dist/tex/latex/refcount/refcount.sty
Package: refcount 2019/12/15 v3.6 Data extraction from label references (HO)
) (/home/cihad/.local/texlive/2021/texmf-dist/tex/generic/gettitlestring/gettitlestring.sty
Package: gettitlestring 2019/12/15 v1.6 Cleanup title references (HO)
)
\c@section@level=\count464
)
LaTeX Info: Redefining \ref on input line 147.
LaTeX Info: Redefining \pageref on input line 147.
LaTeX Info: Redefining \nameref on input line 147.
LaTeX Info: Redefining \rmfamily on input line 147.
LaTeX Info: Redefining \sffamily on input line 147.
LaTeX Info: Redefining \ttfamily on input line 147.
Package microtype Info: Loading generic protrusion settings for font family
(microtype)             `LatinModernMath' (encoding: TU).
(microtype)             For optimal results, create family-specific settings.
(microtype)             See the microtype manual for details.
 (/home/cihad/.local/texlive/2021/texmf-dist/tex/latex/microtype/mt-msa.cfg
File: mt-msa.cfg 2006/02/04 v1.1 microtype config. file: AMS symbols (a) (RS)
) (/home/cihad/.local/texlive/2021/texmf-dist/tex/latex/microtype/mt-msb.cfg
File: mt-msb.cfg 2005/06/01 v1.0 microtype config. file: AMS symbols (b) (RS)
)
Package microtype Info: Loading generic protrusion settings for font family
(microtype)             `lmss' (encoding: TU).
(microtype)             For optimal results, create family-specific settings.
(microtype)             See the microtype manual for details.
Package microtype Info: Loading generic protrusion settings for font family
(microtype)             `lmtt' (encoding: TU).
(microtype)             For optimal results, create family-specific settings.
(microtype)             See the microtype manual for details.
 (./content/hints.tex)
<logos/tu-logo.pdf, id=4, 339.2675pt x 55.20625pt>
File: logos/tu-logo.pdf Graphic file (type pdf)
<use logos/tu-logo.pdf>
Package luatex.def Info: logos/tu-logo.pdf  used on input line 151.
(luatex.def)             Requested size: 262.29283pt x 42.67912pt.
LaTeX Font Info:    Font shape `TU/LatinModernMath(2)/m/n' will be
(Font)              scaled to size 14.40152pt on input line 151.
LaTeX Font Info:    Font shape `TU/LatinModernMath(2)/m/n' will be
(Font)              scaled to size 10.00107pt on input line 151.
LaTeX Font Info:    Font shape `TU/LatinModernMath(2)/m/n' will be
(Font)              scaled to size 7.00075pt on input line 151.
LaTeX Font Info:    Font shape `TU/LatinModernMath(3)/m/n' will be
(Font)              scaled to size 14.39845pt on input line 151.
LaTeX Font Info:    Font shape `TU/LatinModernMath(3)/m/n' will be
(Font)              scaled to size 9.99893pt on input line 151.
LaTeX Font Info:    Font shape `TU/LatinModernMath(3)/m/n' will be
(Font)              scaled to size 6.99925pt on input line 151.
 [1





{/home/cihad/.local/texlive/2021/texmf-var/fonts/map/pdftex/updmap/pdftex.map}<./logos/tu-logo.pdf>] [2

] (./content/00_abstract.tex
LaTeX Info: Redefining \rmfamily on input line 10.
LaTeX Info: Redefining \sffamily on input line 10.
LaTeX Info: Redefining \ttfamily on input line 10.
LaTeX Info: Redefining \rmfamily on input line 11.
LaTeX Info: Redefining \sffamily on input line 11.
LaTeX Info: Redefining \ttfamily on input line 11.
) [3]
Package tocbasic Info: character protrusion at toc deactivated on input line 157.
 (./thesis.toc
LaTeX Info: Redefining \rmfamily on input line 3.
LaTeX Info: Redefining \sffamily on input line 3.
LaTeX Info: Redefining \ttfamily on input line 3.
LaTeX Info: Redefining \rmfamily on input line 7.
LaTeX Info: Redefining \sffamily on input line 7.
LaTeX Info: Redefining \ttfamily on input line 7.
LaTeX Info: Redefining \rmfamily on input line 11.
LaTeX Info: Redefining \sffamily on input line 11.
LaTeX Info: Redefining \ttfamily on input line 11.
)
\tf@toc=\write4

\openout4 = thesis.toc
 [4

] (./content/todo.tex
chapter 1.
) (./content/01_introduction.tex [1



]
chapter 2.
) (./content/02_sm.tex [2

]
chapter 3.
[3

]
<Plots/model-physics.pdf, id=98, 305.67198pt x 218.54247pt>
File: Plots/model-physics.pdf Graphic file (type pdf)
<use Plots/model-physics.pdf>
Package luatex.def Info: Plots/model-physics.pdf  used on input line 24.
(luatex.def)             Requested size: 354.91733pt x 253.76286pt.
 [4<./Plots/model-physics.pdf>]
<Plots/s4_feyn_nom.pdf, id=213, 222.37479pt x 126.68329pt>
File: Plots/s4_feyn_nom.pdf Graphic file (type pdf)
<use Plots/s4_feyn_nom.pdf>
Package luatex.def Info: Plots/s4_feyn_nom.pdf  used on input line 46.
(luatex.def)             Requested size: 354.91733pt x 202.21799pt.
LaTeX Font Info:    Font shape `TU/LatinModernMath(2)/m/n' will be
(Font)              scaled to size 5.00053pt on input line 47.
LaTeX Font Info:    Font shape `TU/LatinModernMath(3)/m/n' will be
(Font)              scaled to size 4.99947pt on input line 47.
) (./content/03_measurement.tex [5<./Plots/s4_feyn_nom.pdf>]
chapter 4.
LaTeX Font Info:    Font shape `TU/LatinModernMath(2)/m/n' will be
(Font)              scaled to size 17.28183pt on input line 4.
LaTeX Font Info:    Font shape `TU/LatinModernMath(2)/m/n' will be
(Font)              scaled to size 12.00128pt on input line 4.
LaTeX Font Info:    Font shape `TU/LatinModernMath(3)/m/n' will be
(Font)              scaled to size 17.27815pt on input line 4.
LaTeX Font Info:    Font shape `TU/LatinModernMath(3)/m/n' will be
(Font)              scaled to size 11.99872pt on input line 4.
[6

]
<Plots/atlasSCHEMA.PNG, id=252, 986.9372pt x 569.12625pt>
File: Plots/atlasSCHEMA.PNG Graphic file (type png)
<use Plots/atlasSCHEMA.PNG>
Package luatex.def Info: Plots/atlasSCHEMA.PNG  used on input line 35.
(luatex.def)             Requested size: 354.91733pt x 204.66818pt.
 [7<./Plots/atlasSCHEMA.PNG>]
LaTeX Font Info:    Font shape `TU/LatinModernMath(2)/m/n' will be
(Font)              scaled to size 8.00085pt on input line 70.
LaTeX Font Info:    Font shape `TU/LatinModernMath(2)/m/n' will be
(Font)              scaled to size 6.00064pt on input line 70.
LaTeX Font Info:    Font shape `TU/LatinModernMath(3)/m/n' will be
(Font)              scaled to size 7.99915pt on input line 70.
LaTeX Font Info:    Font shape `TU/LatinModernMath(3)/m/n' will be
(Font)              scaled to size 5.99936pt on input line 70.
 [8]) (./content/04_mc.tex [9]
chapter 5.

Overfull \hbox (40.99837pt too wide) in paragraph at lines 18--33
 [][] 
 []

[10

]) (./content/05_NN.tex [11]
chapter 6.
) (./content/06_analysis.tex [12

]
chapter 7.
[13

]
chapter 8.
) (./content/07_figs_tabs.tex) (./content/a_anhang.tex) [14

]
chapter without number

Overfull \hbox (47.09126pt too wide) in paragraph at lines 176--176
\TU/lmr/m/n/10.95 fig-ures are avail-able at https://at-las.web.cern.ch/At-las/GROUPS/PHYSICS/PUB-
 []


Overfull \hbox (47.09126pt too wide) in paragraph at lines 176--176
\TU/lmr/m/n/10.95 fig-ures are avail-able at https://at-las.web.cern.ch/At-las/GROUPS/PHYSICS/PUB-
 []

[15


Missing character: There is no  (U+03B3) in font [lmroman10-regular]:+tlig;!
] [16] (./content/eid_versicherung.tex)
The property list \polyglossia@langsetup contains the pairs (without outer
braces):
>  {latex/script}  =>  {latin}
>  {latex/lcscript}  =>  {latin}
>  {latex/scripttag}  =>  {}
>  {latex/language}  =>  {Latex}
>  {latex/langtag}  =>  {ENG}
>  {latex/bcp47}  =>  {}
>  {latex/hyphennames}  =>  {english}
>  {latex/direction}  =>  {LR}
>  {latex/hyphenmins}  =>  {2,3}
>  {latex/frenchspacing}  =>  {false}
>  {latex/indentfirst}  =>  {false}
>  {latex/fontsetup}  =>  {true}
>  {latex/envname}  =>  {latex}
>  {latex/babelname}  =>  {latex}
>  {latex/localnumeral}  =>  {polyglossia@C@localnumeral}
>  {latex/Localnumeral}  =>  {polyglossia@C@localnumeral}
>  {english/script}  =>  {latin}
>  {english/lcscript}  =>  {latin}
>  {english/scripttag}  =>  {}
>  {english/language}  =>  {English}
>  {english/langtag}  =>  {ENG}
>  {english/bcp47}  =>  {en-US}
>  {english/hyphennames}  =>  {english,american,usenglish,USenglish}
>  {english/direction}  =>  {LR}
>  {english/hyphenmins}  =>  {2,3}
>  {english/frenchspacing}  =>  {false}
>  {english/indentfirst}  =>  {false}
>  {english/fontsetup}  =>  {true}
>  {english/envname}  =>  {english}
>  {english/babelname}  =>  {american}
>  {english/localnumeral}  =>  {polyglossia@C@localnumeral}
>  {english/Localnumeral}  =>  {polyglossia@C@localnumeral}.
 (./thesis.aux
LaTeX Info: Redefining \rmfamily on input line 25.
LaTeX Info: Redefining \sffamily on input line 25.
LaTeX Info: Redefining \ttfamily on input line 25.
LaTeX Info: Redefining \rmfamily on input line 35.
LaTeX Info: Redefining \sffamily on input line 35.
LaTeX Info: Redefining \ttfamily on input line 35.
LaTeX Info: Redefining \rmfamily on input line 43.
LaTeX Info: Redefining \sffamily on input line 43.
LaTeX Info: Redefining \ttfamily on input line 43.
)
Package rerunfilecheck Info: File `thesis.aux' has not changed.
(rerunfilecheck)             Checksum: 4C37CFA7061154B42D68BE1B3C57C988;25145.
Package rerunfilecheck Info: File `thesis.toc' has not changed.
(rerunfilecheck)             Checksum: 97D99E88E724972EED2F49156C4D2CCB;3967.
Package logreq Info: Writing requests to 'thesis.run.xml'.

\openout1 = thesis.run.xml
)

Here is how much of LuaTeX's memory you used:
 37723 strings out of 478388
 100000,3417909 words of node,token memory allocated
 771 words of node memory still in use:
   6 hlist, 2 vlist, 2 rule, 2 glue, 4 kern, 1 glyph, 24 attribute, 83 glue_spec, 24 attribute_list, 3 write, 9 pdf_action nodes
   avail lists: 2:940,3:378,4:255,5:313,6:117,7:5658,8:71,9:654,10:21,11:410
 56489 multiletter control sequences out of 65536+600000
 174 fonts using 50562155 bytes
 122i,20n,118p,10663b,3548s stack positions out of 5000i,500n,10000p,200000b,80000s
</home/cihad/.local/texlive/2021/texmf-dist/fonts/opentype/public/lm/lmmono10-regular.otf></home/cihad/.local/texlive/2021/texmf-dist/fonts/opentype/public/lm/lmromancaps10-regular.otf></home/cihad/.local/texlive/2021/texmf-dist/fonts/opentype/public/lm/lmroman10-italic.otf></home/cihad/.local/texlive/2021/texmf-dist/fonts/opentype/public/lm/lmroman8-regular.otf></home/cihad/.local/texlive/2021/texmf-dist/fonts/opentype/public/lm/lmroman10-bold.otf></home/cihad/.local/texlive/2021/texmf-dist/fonts/opentype/public/lm/lmromanslant10-regular.otf></home/cihad/.local/texlive/2021/texmf-dist/fonts/opentype/public/lm-math/latinmodern-math.otf></home/cihad/.local/texlive/2021/texmf-dist/fonts/opentype/public/lm-math/latinmodern-math.otf></home/cihad/.local/texlive/2021/texmf-dist/fonts/opentype/public/lm/lmroman10-regular.otf></home/cihad/.local/texlive/2021/texmf-dist/fonts/opentype/public/lm/lmroman12-regular.otf></home/cihad/.local/texlive/2021/texmf-dist/fonts/opentype/public/lm/lmsans10-bold.otf></home/cihad/.local/texlive/2021/texmf-dist/fonts/opentype/public/lm/lmroman12-bold.otf>
Output written on thesis.pdf (20 pages, 1018673 bytes).

PDF statistics: 517 PDF objects out of 1000 (max. 8388607)
 401 compressed objects within 5 object streams
 86 named destinations out of 1000 (max. 131072)
 177 words of extra memory for PDF output out of 10000 (max. 100000000)

